------------------------------------------------------------------------------------
      Event Class         gold (match)   answer (match)   recall    prec.   fscore
------------------------------------------------------------------------------------
      Development           86 (   29)       33 (   29)    33.72    87.88    48.74
 Blood_vessel_developm     174 (   84)       93 (   84)    48.28    90.32    62.92
         Growth             39 (   32)       33 (   32)    82.05    96.97    88.89
         Death              34 (   13)       25 (   13)    38.24    52.00    44.07
       Cell_death           68 (   41)       51 (   41)    60.29    80.39    68.91
   Cell_proliferation       45 (   26)       29 (   26)    57.78    89.66    70.27
     Cell_division           0 (    0)        0 (    0)   100.00   100.00   100.00
  Cell_differentiation      14 (    5)        7 (    5)    35.71    71.43    47.62
       Remodeling            5 (    3)        3 (    3)    60.00   100.00    75.00
      Reproduction           0 (    0)        0 (    0)   100.00   100.00   100.00
   =[ANATOMY-TOTAL]=       465 (  233)      274 (  233)    50.11    85.04    63.06
        Mutation            67 (    1)       13 (    1)     1.49     7.69     2.50
     Carcinogenesis         49 (   20)       26 (   20)    40.82    76.92    53.33
  Cell_transformation       63 (   19)       25 (   19)    30.16    76.00    43.18
       Breakdown            26 (    5)        9 (    5)    19.23    55.56    28.57
       Metastasis           92 (   22)       29 (   22)    23.91    75.86    36.36
       Infection            14 (    1)        3 (    1)     7.14    33.33    11.76
    =[PATHOL-TOTAL]=       311 (   68)      105 (   68)    21.86    64.76    32.69
       Metabolism           15 (    3)        6 (    3)    20.00    50.00    28.57
       Synthesis             7 (    2)        2 (    2)    28.57   100.00    44.44
       Catabolism            7 (    4)       12 (    4)    57.14    33.33    42.11
       Glycolysis           11 (    1)        2 (    1)     9.09    50.00    15.38
 Amino_acid_catabolism       0 (    0)        0 (    0)   100.00   100.00   100.00
    Gene_expression        234 (   83)      127 (   83)    35.47    65.35    45.98
     Transcription          17 (    5)       11 (    5)    29.41    45.45    35.71
      Translation            6 (    0)        2 (    0)     0.00     0.00     0.00
   Protein_processing        1 (    0)        2 (    0)     0.00     0.00     0.00
      Acetylation            1 (    0)        1 (    0)     0.00     0.00     0.00
     Glycosylation           0 (    0)        0 (    0)   100.00   100.00   100.00
    Phosphorylation         38 (   25)       29 (   25)    65.79    86.21    74.63
     Ubiquitination          0 (    0)        3 (    0)     0.00     0.00     0.00
   Dephosphorylation         0 (    0)        4 (    0)     0.00     0.00     0.00
    DNA_methylation          3 (    0)        0 (    0)     0.00     0.00     0.00
   DNA_demethylation         0 (    0)        0 (    0)   100.00   100.00   100.00
        Pathway             52 (   16)       59 (   16)    30.77    27.12    28.83
   =[MOLECUL-TOTAL]=       392 (  139)      260 (  139)    35.46    53.46    42.64
        Binding             59 (   13)       30 (   13)    22.03    43.33    29.21
      Dissociation           1 (    0)        1 (    0)     0.00     0.00     0.00
      Localization         154 (   45)       70 (   45)    29.22    64.29    40.18
   =[GENERAL-TOTAL]=       214 (   58)      101 (   58)    27.10    57.43    36.83
       Regulation          231 (   60)      294 (   60)    25.97    20.41    22.86
  Positive_regulation      544 (  208)      656 (  208)    38.24    31.71    34.67
  Negative_regulation      355 (  143)      322 (  143)    40.28    44.41    42.25
     =[REG-TOTAL]=        1130 (  411)     1272 (  411)    36.37    32.31    34.22
    Planned_process        218 (   25)       57 (   25)    11.47    43.86    18.18
   ===[SUB-TOTAL]===      2730 (  934)     2069 (  934)    34.21    45.14    38.92
------------------------------------------------------------------------------------
        Negation            83 (    0)        0 (    0)     0.00     0.00     0.00
      Speculation           97 (    0)        0 (    0)     0.00     0.00     0.00
    ==[MOD-TOTAL]==        180 (    0)        0 (    0)     0.00     0.00     0.00
------------------------------------------------------------------------------------
    ====[TOTAL]====       2910 (  934)     2069 (  934)    32.10    45.14    37.52
------------------------------------------------------------------------------------
