------------------------------------------------------------------------------------
      Event Class         gold (match)   answer (match)   recall    prec.   fscore
------------------------------------------------------------------------------------
      Development           86 (   26)       30 (   26)    30.23    86.67    44.83
 Blood_vessel_developm     174 (   49)       58 (   49)    28.16    84.48    42.24
         Growth             39 (   16)       18 (   16)    41.03    88.89    56.14
         Death              34 (   12)       27 (   12)    35.29    44.44    39.34
       Cell_death           68 (   24)       31 (   24)    35.29    77.42    48.48
   Cell_proliferation       45 (   26)       32 (   26)    57.78    81.25    67.53
     Cell_division           0 (    0)        0 (    0)   100.00   100.00   100.00
  Cell_differentiation      14 (    5)       10 (    5)    35.71    50.00    41.67
       Remodeling            5 (    2)        2 (    2)    40.00   100.00    57.14
      Reproduction           0 (    0)        0 (    0)   100.00   100.00   100.00
   =[ANATOMY-TOTAL]=       465 (  160)      208 (  160)    34.41    76.92    47.55
        Mutation            67 (    8)       30 (    8)    11.94    26.67    16.49
     Carcinogenesis         49 (   16)       21 (   16)    32.65    76.19    45.71
  Cell_transformation       63 (   13)       18 (   13)    20.63    72.22    32.10
       Breakdown            26 (    4)        6 (    4)    15.38    66.67    25.00
       Metastasis           92 (   22)       29 (   22)    23.91    75.86    36.36
       Infection            14 (    2)        4 (    2)    14.29    50.00    22.22
    =[PATHOL-TOTAL]=       311 (   65)      108 (   65)    20.90    60.19    31.03
       Metabolism           15 (    1)        3 (    1)     6.67    33.33    11.11
       Synthesis             7 (    1)        3 (    1)    14.29    33.33    20.00
       Catabolism            7 (    3)        9 (    3)    42.86    33.33    37.50
       Glycolysis           11 (    1)        1 (    1)     9.09   100.00    16.67
 Amino_acid_catabolism       0 (    0)        0 (    0)   100.00   100.00   100.00
    Gene_expression        234 (   48)       90 (   48)    20.51    53.33    29.63
     Transcription          17 (    8)       13 (    8)    47.06    61.54    53.33
      Translation            6 (    0)        1 (    0)     0.00     0.00     0.00
   Protein_processing        1 (    0)        2 (    0)     0.00     0.00     0.00
      Acetylation            1 (    0)        1 (    0)     0.00     0.00     0.00
     Glycosylation           0 (    0)        0 (    0)   100.00   100.00   100.00
    Phosphorylation         38 (   23)       27 (   23)    60.53    85.19    70.77
     Ubiquitination          0 (    0)        3 (    0)     0.00     0.00     0.00
   Dephosphorylation         0 (    0)        4 (    0)     0.00     0.00     0.00
    DNA_methylation          3 (    0)        0 (    0)     0.00     0.00     0.00
   DNA_demethylation         0 (    0)        0 (    0)   100.00   100.00   100.00
        Pathway             52 (    7)       46 (    7)    13.46    15.22    14.29
   =[MOLECUL-TOTAL]=       392 (   92)      203 (   92)    23.47    45.32    30.92
        Binding             59 (   14)       67 (   14)    23.73    20.90    22.22
      Dissociation           1 (    0)        1 (    0)     0.00     0.00     0.00
      Localization         154 (   43)       93 (   43)    27.92    46.24    34.82
   =[GENERAL-TOTAL]=       214 (   57)      161 (   57)    26.64    35.40    30.40
       Regulation          231 (   46)      241 (   46)    19.91    19.09    19.49
  Positive_regulation      544 (  137)      468 (  137)    25.18    29.27    27.08
  Negative_regulation      355 (  110)      251 (  110)    30.99    43.82    36.30
     =[REG-TOTAL]=        1130 (  293)      960 (  293)    25.93    30.52    28.04
    Planned_process        218 (   49)      128 (   49)    22.48    38.28    28.32
   ===[SUB-TOTAL]===      2730 (  716)     1768 (  716)    26.23    40.50    31.84
------------------------------------------------------------------------------------
        Negation            83 (    0)        0 (    0)     0.00     0.00     0.00
      Speculation           97 (    0)        0 (    0)     0.00     0.00     0.00
    ==[MOD-TOTAL]==        180 (    0)        0 (    0)     0.00     0.00     0.00
------------------------------------------------------------------------------------
    ====[TOTAL]====       2910 (  716)     1768 (  716)    24.60    40.50    30.61
------------------------------------------------------------------------------------
