------------------------------------------------------------------------------------
      Event Class         gold (match)   answer (match)   recall    prec.   fscore
------------------------------------------------------------------------------------
      Development           86 (   63)       74 (   63)    73.26    85.14    78.75
 Blood_vessel_developm     174 (  140)      166 (  140)    80.46    84.34    82.35
         Growth             39 (   38)       43 (   38)    97.44    88.37    92.68
         Death              34 (   21)       42 (   21)    61.76    50.00    55.26
       Cell_death           68 (   52)       69 (   52)    76.47    75.36    75.91
   Cell_proliferation       45 (   38)       44 (   38)    84.44    86.36    85.39
     Cell_division           0 (    0)        1 (    0)     0.00     0.00     0.00
  Cell_differentiation      14 (   12)       24 (   12)    85.71    50.00    63.16
       Remodeling            5 (    3)        4 (    3)    60.00    75.00    66.67
      Reproduction           0 (    0)        0 (    0)   100.00   100.00   100.00
   =[ANATOMY-TOTAL]=       465 (  367)      467 (  367)    78.92    78.59    78.76
        Mutation            67 (   17)       59 (   17)    25.37    28.81    26.98
     Carcinogenesis         49 (   33)       46 (   33)    67.35    71.74    69.47
  Cell_transformation       63 (   45)       56 (   45)    71.43    80.36    75.63
       Breakdown            26 (   17)       27 (   17)    65.38    62.96    64.15
       Metastasis           92 (   64)       86 (   64)    69.57    74.42    71.91
       Infection            14 (    7)       13 (    7)    50.00    53.85    51.85
    =[PATHOL-TOTAL]=       311 (  183)      287 (  183)    58.84    63.76    61.20
       Metabolism           15 (   10)       14 (   10)    66.67    71.43    68.97
       Synthesis             7 (    6)       10 (    6)    85.71    60.00    70.59
       Catabolism            7 (    4)       13 (    4)    57.14    30.77    40.00
       Glycolysis           11 (    6)       10 (    6)    54.55    60.00    57.14
 Amino_acid_catabolism       0 (    0)        1 (    0)     0.00     0.00     0.00
    Gene_expression        234 (  196)      279 (  196)    83.76    70.25    76.41
     Transcription          17 (   10)       18 (   10)    58.82    55.56    57.14
      Translation            6 (    0)        2 (    0)     0.00     0.00     0.00
   Protein_processing        1 (    0)        4 (    0)     0.00     0.00     0.00
      Acetylation            1 (    0)        1 (    0)     0.00     0.00     0.00
     Glycosylation           0 (    0)        0 (    0)   100.00   100.00   100.00
    Phosphorylation         38 (   28)       33 (   28)    73.68    84.85    78.87
     Ubiquitination          0 (    0)        3 (    0)     0.00     0.00     0.00
   Dephosphorylation         0 (    0)        4 (    0)     0.00     0.00     0.00
    DNA_methylation          3 (    3)        3 (    3)   100.00   100.00   100.00
   DNA_demethylation         0 (    0)        0 (    0)   100.00   100.00   100.00
        Pathway             52 (   20)       79 (   20)    38.46    25.32    30.53
   =[MOLECUL-TOTAL]=       392 (  283)      474 (  283)    72.19    59.70    65.36
        Binding             59 (   31)       97 (   31)    52.54    31.96    39.74
      Dissociation           1 (    0)        1 (    0)     0.00     0.00     0.00
      Localization         154 (   70)      140 (   70)    45.45    50.00    47.62
   =[GENERAL-TOTAL]=       214 (  101)      238 (  101)    47.20    42.44    44.69
       Regulation          231 (   75)      342 (   75)    32.47    21.93    26.18
  Positive_regulation      544 (  247)      735 (  247)    45.40    33.61    38.62
  Negative_regulation      355 (  182)      387 (  182)    51.27    47.03    49.06
     =[REG-TOTAL]=        1130 (  504)     1464 (  504)    44.60    34.43    38.86
    Planned_process        218 (  113)      287 (  113)    51.83    39.37    44.75
   ===[SUB-TOTAL]===      2730 ( 1551)     3217 ( 1551)    56.81    48.21    52.16
------------------------------------------------------------------------------------
        Negation            83 (   35)      118 (   35)    42.17    29.66    34.83
      Speculation           97 (   27)      116 (   27)    27.84    23.28    25.35
    ==[MOD-TOTAL]==        180 (   62)      234 (   62)    34.44    26.50    29.95
------------------------------------------------------------------------------------
    ====[TOTAL]====       2910 ( 1613)     3451 ( 1613)    55.43    46.74    50.72
------------------------------------------------------------------------------------
