------------------------------------------------------------------------------------
      Event Class         gold (match)   answer (match)   recall    prec.   fscore
------------------------------------------------------------------------------------
      Development           92 (   29)       33 (   29)    31.52    87.88    46.40
 Blood_vessel_developm     173 (   84)       93 (   84)    48.55    90.32    63.16
         Growth             39 (   32)       33 (   32)    82.05    96.97    88.89
         Death              31 (   11)       25 (   11)    35.48    44.00    39.29
       Cell_death           68 (   40)       51 (   40)    58.82    78.43    67.23
   Cell_proliferation       46 (   26)       29 (   26)    56.52    89.66    69.33
     Cell_division           0 (    0)        0 (    0)   100.00   100.00   100.00
  Cell_differentiation      14 (    5)        7 (    5)    35.71    71.43    47.62
       Remodeling            6 (    3)        3 (    3)    50.00   100.00    66.67
      Reproduction           0 (    0)        0 (    0)   100.00   100.00   100.00
   =[ANATOMY-TOTAL]=       469 (  230)      274 (  230)    49.04    83.94    61.91
        Mutation             4 (    0)       13 (    0)     0.00     0.00     0.00
     Carcinogenesis         53 (   21)       26 (   21)    39.62    80.77    53.16
  Cell_transformation       59 (   19)       25 (   19)    32.20    76.00    45.24
       Breakdown            26 (    5)        9 (    5)    19.23    55.56    28.57
       Metastasis           93 (   22)       29 (   22)    23.66    75.86    36.07
       Infection             7 (    1)        3 (    1)    14.29    33.33    20.00
    =[PATHOL-TOTAL]=       242 (   68)      105 (   68)    28.10    64.76    39.19
       Metabolism           16 (    3)        6 (    3)    18.75    50.00    27.27
       Synthesis             7 (    2)        2 (    2)    28.57   100.00    44.44
       Catabolism            9 (    4)       12 (    4)    44.44    33.33    38.10
       Glycolysis           11 (    1)        2 (    1)     9.09    50.00    15.38
 Amino_acid_catabolism       0 (    0)        0 (    0)   100.00   100.00   100.00
    Gene_expression        242 (   88)      127 (   88)    36.36    69.29    47.70
     Transcription          20 (    6)       11 (    6)    30.00    54.55    38.71
      Translation            0 (    0)        2 (    0)     0.00     0.00     0.00
   Protein_processing        4 (    2)        2 (    2)    50.00   100.00    66.67
      Acetylation            1 (    0)        1 (    0)     0.00     0.00     0.00
     Glycosylation           0 (    0)        0 (    0)   100.00   100.00   100.00
    Phosphorylation         37 (   24)       29 (   24)    64.86    82.76    72.73
     Ubiquitination          1 (    1)        3 (    1)   100.00    33.33    50.00
   Dephosphorylation         0 (    0)        4 (    0)     0.00     0.00     0.00
    DNA_methylation          0 (    0)        0 (    0)   100.00   100.00   100.00
   DNA_demethylation         0 (    0)        0 (    0)   100.00   100.00   100.00
        Pathway             33 (   14)       59 (   14)    42.42    23.73    30.43
   =[MOLECUL-TOTAL]=       381 (  145)      260 (  145)    38.06    55.77    45.24
        Binding             30 (    4)       30 (    3)    13.33    10.00    11.43
      Dissociation           2 (    0)        1 (    0)     0.00     0.00     0.00
      Localization         101 (   44)       70 (   44)    43.56    62.86    51.46
   =[GENERAL-TOTAL]=       133 (   48)      101 (   47)    36.09    46.53    40.65
       Regulation          180 (   53)      294 (   53)    29.44    18.03    22.36
  Positive_regulation      497 (  204)      656 (  203)    41.05    30.95    35.29
  Negative_regulation      324 (  140)      322 (  140)    43.21    43.48    43.34
     =[REG-TOTAL]=        1001 (  397)     1272 (  396)    39.66    31.13    34.88
    Planned_process        149 (   21)       57 (   21)    14.09    36.84    20.39
    ====[TOTAL]====       2375 (  909)     2069 (  907)    38.27    43.84    40.87
------------------------------------------------------------------------------------
