------------------------------------------------------------------------------------
      Event Class         gold (match)   answer (match)   recall    prec.   fscore
------------------------------------------------------------------------------------
      Development           92 (   26)       30 (   26)    28.26    86.67    42.62
 Blood_vessel_developm     173 (   50)       58 (   50)    28.90    86.21    43.29
         Growth             39 (   16)       18 (   16)    41.03    88.89    56.14
         Death              31 (   11)       27 (   11)    35.48    40.74    37.93
       Cell_death           68 (   23)       31 (   23)    33.82    74.19    46.46
   Cell_proliferation       46 (   26)       32 (   26)    56.52    81.25    66.67
     Cell_division           0 (    0)        0 (    0)   100.00   100.00   100.00
  Cell_differentiation      14 (    5)       10 (    5)    35.71    50.00    41.67
       Remodeling            6 (    2)        2 (    2)    33.33   100.00    50.00
      Reproduction           0 (    0)        0 (    0)   100.00   100.00   100.00
   =[ANATOMY-TOTAL]=       469 (  159)      208 (  159)    33.90    76.44    46.97
        Mutation             4 (    0)       30 (    0)     0.00     0.00     0.00
     Carcinogenesis         53 (   17)       21 (   17)    32.08    80.95    45.95
  Cell_transformation       59 (   13)       18 (   13)    22.03    72.22    33.77
       Breakdown            26 (    4)        6 (    4)    15.38    66.67    25.00
       Metastasis           93 (   22)       29 (   22)    23.66    75.86    36.07
       Infection             7 (    2)        4 (    2)    28.57    50.00    36.36
    =[PATHOL-TOTAL]=       242 (   58)      108 (   58)    23.97    53.70    33.14
       Metabolism           16 (    1)        3 (    1)     6.25    33.33    10.53
       Synthesis             7 (    1)        3 (    1)    14.29    33.33    20.00
       Catabolism            9 (    3)        9 (    3)    33.33    33.33    33.33
       Glycolysis           11 (    1)        1 (    1)     9.09   100.00    16.67
 Amino_acid_catabolism       0 (    0)        0 (    0)   100.00   100.00   100.00
    Gene_expression        242 (   55)       90 (   55)    22.73    61.11    33.13
     Transcription          20 (    8)       13 (    8)    40.00    61.54    48.48
      Translation            0 (    0)        1 (    0)     0.00     0.00     0.00
   Protein_processing        4 (    2)        2 (    2)    50.00   100.00    66.67
      Acetylation            1 (    0)        1 (    0)     0.00     0.00     0.00
     Glycosylation           0 (    0)        0 (    0)   100.00   100.00   100.00
    Phosphorylation         37 (   22)       27 (   22)    59.46    81.48    68.75
     Ubiquitination          1 (    1)        3 (    1)   100.00    33.33    50.00
   Dephosphorylation         0 (    0)        4 (    0)     0.00     0.00     0.00
    DNA_methylation          0 (    0)        0 (    0)   100.00   100.00   100.00
   DNA_demethylation         0 (    0)        0 (    0)   100.00   100.00   100.00
        Pathway             33 (    5)       46 (    5)    15.15    10.87    12.66
   =[MOLECUL-TOTAL]=       381 (   99)      203 (   99)    25.98    48.77    33.90
        Binding             30 (    6)       67 (    5)    20.00     7.46    10.87
      Dissociation           2 (    0)        1 (    0)     0.00     0.00     0.00
      Localization         101 (   38)       93 (   38)    37.62    40.86    39.18
   =[GENERAL-TOTAL]=       133 (   44)      161 (   43)    33.08    26.71    29.56
       Regulation          180 (   41)      241 (   41)    22.78    17.01    19.48
  Positive_regulation      497 (  130)      468 (  130)    26.16    27.78    26.94
  Negative_regulation      324 (  106)      251 (  106)    32.72    42.23    36.87
     =[REG-TOTAL]=        1001 (  277)      960 (  277)    27.67    28.85    28.25
    Planned_process        149 (   32)      128 (   32)    21.48    25.00    23.10
    ====[TOTAL]====       2375 (  669)     1768 (  668)    28.17    37.78    32.27
------------------------------------------------------------------------------------
