------------------------------------------------------------------------------------
      Event Class         gold (match)   answer (match)   recall    prec.   fscore
------------------------------------------------------------------------------------
      Development           92 (   63)       74 (   63)    68.48    85.14    75.90
 Blood_vessel_developm     173 (  141)      166 (  141)    81.50    84.94    83.19
         Growth             39 (   38)       43 (   38)    97.44    88.37    92.68
         Death              31 (   18)       42 (   18)    58.06    42.86    49.32
       Cell_death           68 (   51)       69 (   51)    75.00    73.91    74.45
   Cell_proliferation       46 (   38)       44 (   38)    82.61    86.36    84.44
     Cell_division           0 (    0)        1 (    0)     0.00     0.00     0.00
  Cell_differentiation      14 (   12)       24 (   12)    85.71    50.00    63.16
       Remodeling            6 (    3)        4 (    3)    50.00    75.00    60.00
      Reproduction           0 (    0)        0 (    0)   100.00   100.00   100.00
   =[ANATOMY-TOTAL]=       469 (  364)      467 (  364)    77.61    77.94    77.78
        Mutation             4 (    1)       59 (    1)    25.00     1.69     3.17
     Carcinogenesis         53 (   34)       46 (   34)    64.15    73.91    68.69
  Cell_transformation       59 (   44)       56 (   44)    74.58    78.57    76.52
       Breakdown            26 (   17)       27 (   17)    65.38    62.96    64.15
       Metastasis           93 (   65)       86 (   65)    69.89    75.58    72.63
       Infection             7 (    5)       13 (    5)    71.43    38.46    50.00
    =[PATHOL-TOTAL]=       242 (  166)      287 (  166)    68.60    57.84    62.76
       Metabolism           16 (   10)       14 (   10)    62.50    71.43    66.67
       Synthesis             7 (    6)       10 (    6)    85.71    60.00    70.59
       Catabolism            9 (    4)       13 (    4)    44.44    30.77    36.36
       Glycolysis           11 (    6)       10 (    6)    54.55    60.00    57.14
 Amino_acid_catabolism       0 (    0)        1 (    0)     0.00     0.00     0.00
    Gene_expression        242 (  206)      279 (  206)    85.12    73.84    79.08
     Transcription          20 (   12)       18 (   12)    60.00    66.67    63.16
      Translation            0 (    0)        2 (    0)     0.00     0.00     0.00
   Protein_processing        4 (    2)        4 (    2)    50.00    50.00    50.00
      Acetylation            1 (    0)        1 (    0)     0.00     0.00     0.00
     Glycosylation           0 (    0)        0 (    0)   100.00   100.00   100.00
    Phosphorylation         37 (   27)       33 (   27)    72.97    81.82    77.14
     Ubiquitination          1 (    1)        3 (    1)   100.00    33.33    50.00
   Dephosphorylation         0 (    0)        4 (    0)     0.00     0.00     0.00
    DNA_methylation          0 (    0)        3 (    0)     0.00     0.00     0.00
   DNA_demethylation         0 (    0)        0 (    0)   100.00   100.00   100.00
        Pathway             33 (   16)       79 (   16)    48.48    20.25    28.57
   =[MOLECUL-TOTAL]=       381 (  290)      474 (  290)    76.12    61.18    67.84
        Binding             30 (   21)       97 (   17)    70.00    17.53    28.03
      Dissociation           2 (    0)        1 (    0)     0.00     0.00     0.00
      Localization         101 (   63)      140 (   63)    62.38    45.00    52.28
   =[GENERAL-TOTAL]=       133 (   84)      238 (   80)    63.16    33.61    43.88
       Regulation          180 (   64)      342 (   64)    35.56    18.71    24.52
  Positive_regulation      497 (  243)      735 (  242)    48.89    32.93    39.35
  Negative_regulation      324 (  177)      387 (  177)    54.63    45.74    49.79
     =[REG-TOTAL]=        1001 (  484)     1464 (  483)    48.35    32.99    39.22
    Planned_process        149 (   83)      287 (   83)    55.70    28.92    38.07
    ====[TOTAL]====       2375 ( 1471)     3217 ( 1466)    61.94    45.57    52.51
------------------------------------------------------------------------------------
