------------------------------------------------------------------------------------
      Event Class         gold (match)   answer (match)   recall    prec.   fscore
------------------------------------------------------------------------------------
      Development           88 (   30)       33 (   30)    34.09    90.91    49.59
 Blood_vessel_developm     169 (   84)       93 (   84)    49.70    90.32    64.12
         Growth             39 (   32)       33 (   32)    82.05    96.97    88.89
         Death              33 (   13)       25 (   13)    39.39    52.00    44.83
       Cell_death           67 (   40)       51 (   40)    59.70    78.43    67.80
   Cell_proliferation       46 (   26)       29 (   26)    56.52    89.66    69.33
     Cell_division           0 (    0)        0 (    0)   100.00   100.00   100.00
  Cell_differentiation      14 (    5)        7 (    5)    35.71    71.43    47.62
       Remodeling            6 (    3)        3 (    3)    50.00   100.00    66.67
      Reproduction           0 (    0)        0 (    0)   100.00   100.00   100.00
   =[ANATOMY-TOTAL]=       462 (  233)      274 (  233)    50.43    85.04    63.32
        Mutation            45 (    0)       13 (    0)     0.00     0.00     0.00
     Carcinogenesis         50 (   20)       26 (   20)    40.00    76.92    52.63
  Cell_transformation       63 (   19)       25 (   19)    30.16    76.00    43.18
       Breakdown            26 (    5)        9 (    5)    19.23    55.56    28.57
       Metastasis           96 (   23)       29 (   23)    23.96    79.31    36.80
       Infection             9 (    1)        3 (    1)    11.11    33.33    16.67
    =[PATHOL-TOTAL]=       289 (   68)      105 (   68)    23.53    64.76    34.52
       Metabolism           15 (    3)        6 (    3)    20.00    50.00    28.57
       Synthesis             7 (    2)        2 (    2)    28.57   100.00    44.44
       Catabolism            7 (    4)       12 (    4)    57.14    33.33    42.11
       Glycolysis           11 (    1)        2 (    1)     9.09    50.00    15.38
 Amino_acid_catabolism       0 (    0)        0 (    0)   100.00   100.00   100.00
    Gene_expression        243 (   88)      127 (   88)    36.21    69.29    47.57
     Transcription          16 (    6)       11 (    6)    37.50    54.55    44.44
      Translation            0 (    0)        2 (    0)     0.00     0.00     0.00
   Protein_processing        4 (    2)        2 (    2)    50.00   100.00    66.67
      Acetylation            1 (    0)        1 (    0)     0.00     0.00     0.00
     Glycosylation           0 (    0)        0 (    0)   100.00   100.00   100.00
    Phosphorylation         37 (   24)       29 (   24)    64.86    82.76    72.73
     Ubiquitination          3 (    2)        3 (    2)    66.67    66.67    66.67
   Dephosphorylation         0 (    0)        4 (    0)     0.00     0.00     0.00
    DNA_methylation          3 (    0)        0 (    0)     0.00     0.00     0.00
   DNA_demethylation         0 (    0)        0 (    0)   100.00   100.00   100.00
        Pathway             48 (   15)       59 (   15)    31.25    25.42    28.04
   =[MOLECUL-TOTAL]=       395 (  147)      260 (  147)    37.22    56.54    44.89
        Binding             45 (    9)       30 (    9)    20.00    30.00    24.00
      Dissociation           2 (    0)        1 (    0)     0.00     0.00     0.00
      Localization         121 (   43)       70 (   43)    35.54    61.43    45.03
   =[GENERAL-TOTAL]=       168 (   52)      101 (   52)    30.95    51.49    38.66
       Regulation          192 (   57)      294 (   57)    29.69    19.39    23.46
  Positive_regulation      461 (  188)      656 (  188)    40.78    28.66    33.66
  Negative_regulation      328 (  139)      322 (  139)    42.38    43.17    42.77
     =[REG-TOTAL]=         981 (  384)     1272 (  384)    39.14    30.19    34.09
    Planned_process        214 (   26)       57 (   26)    12.15    45.61    19.19
    ====[TOTAL]====       2509 (  910)     2069 (  910)    36.27    43.98    39.76
------------------------------------------------------------------------------------
