------------------------------------------------------------------------------------
      Event Class         gold (match)   answer (match)   recall    prec.   fscore
------------------------------------------------------------------------------------
      Development           88 (   27)       30 (   27)    30.68    90.00    45.76
 Blood_vessel_developm     169 (   50)       58 (   50)    29.59    86.21    44.05
         Growth             39 (   16)       18 (   16)    41.03    88.89    56.14
         Death              33 (   12)       27 (   12)    36.36    44.44    40.00
       Cell_death           67 (   23)       31 (   23)    34.33    74.19    46.94
   Cell_proliferation       46 (   26)       32 (   26)    56.52    81.25    66.67
     Cell_division           0 (    0)        0 (    0)   100.00   100.00   100.00
  Cell_differentiation      14 (    5)       10 (    5)    35.71    50.00    41.67
       Remodeling            6 (    2)        2 (    2)    33.33   100.00    50.00
      Reproduction           0 (    0)        0 (    0)   100.00   100.00   100.00
   =[ANATOMY-TOTAL]=       462 (  161)      208 (  161)    34.85    77.40    48.06
        Mutation            45 (    4)       30 (    4)     8.89    13.33    10.67
     Carcinogenesis         50 (   16)       21 (   16)    32.00    76.19    45.07
  Cell_transformation       63 (   13)       18 (   13)    20.63    72.22    32.10
       Breakdown            26 (    4)        6 (    4)    15.38    66.67    25.00
       Metastasis           96 (   20)       29 (   20)    20.83    68.97    32.00
       Infection             9 (    2)        4 (    2)    22.22    50.00    30.77
    =[PATHOL-TOTAL]=       289 (   59)      108 (   59)    20.42    54.63    29.72
       Metabolism           15 (    1)        3 (    1)     6.67    33.33    11.11
       Synthesis             7 (    1)        3 (    1)    14.29    33.33    20.00
       Catabolism            7 (    3)        9 (    3)    42.86    33.33    37.50
       Glycolysis           11 (    1)        1 (    1)     9.09   100.00    16.67
 Amino_acid_catabolism       0 (    0)        0 (    0)   100.00   100.00   100.00
    Gene_expression        243 (   55)       90 (   55)    22.63    61.11    33.03
     Transcription          16 (    6)       13 (    6)    37.50    46.15    41.38
      Translation            0 (    0)        1 (    0)     0.00     0.00     0.00
   Protein_processing        4 (    2)        2 (    2)    50.00   100.00    66.67
      Acetylation            1 (    0)        1 (    0)     0.00     0.00     0.00
     Glycosylation           0 (    0)        0 (    0)   100.00   100.00   100.00
    Phosphorylation         37 (   22)       27 (   22)    59.46    81.48    68.75
     Ubiquitination          3 (    2)        3 (    2)    66.67    66.67    66.67
   Dephosphorylation         0 (    0)        4 (    0)     0.00     0.00     0.00
    DNA_methylation          3 (    0)        0 (    0)     0.00     0.00     0.00
   DNA_demethylation         0 (    0)        0 (    0)   100.00   100.00   100.00
        Pathway             48 (    5)       46 (    5)    10.42    10.87    10.64
   =[MOLECUL-TOTAL]=       395 (   98)      203 (   98)    24.81    48.28    32.78
        Binding             45 (   11)       67 (   11)    24.44    16.42    19.64
      Dissociation           2 (    0)        1 (    0)     0.00     0.00     0.00
      Localization         121 (   41)       93 (   41)    33.88    44.09    38.32
   =[GENERAL-TOTAL]=       168 (   52)      161 (   52)    30.95    32.30    31.61
       Regulation          192 (   43)      241 (   43)    22.40    17.84    19.86
  Positive_regulation      461 (  120)      468 (  120)    26.03    25.64    25.83
  Negative_regulation      328 (  110)      251 (  110)    33.54    43.82    38.00
     =[REG-TOTAL]=         981 (  273)      960 (  273)    27.83    28.44    28.13
    Planned_process        214 (   47)      128 (   47)    21.96    36.72    27.49
    ====[TOTAL]====       2509 (  690)     1768 (  690)    27.50    39.03    32.27
------------------------------------------------------------------------------------
