------------------------------------------------------------------------------------
      Event Class         gold (match)   answer (match)   recall    prec.   fscore
------------------------------------------------------------------------------------
      Development           88 (   63)       74 (   63)    71.59    85.14    77.78
 Blood_vessel_developm     169 (  141)      166 (  141)    83.43    84.94    84.18
         Growth             39 (   38)       43 (   38)    97.44    88.37    92.68
         Death              33 (   21)       42 (   21)    63.64    50.00    56.00
       Cell_death           67 (   51)       69 (   51)    76.12    73.91    75.00
   Cell_proliferation       46 (   38)       44 (   38)    82.61    86.36    84.44
     Cell_division           0 (    0)        1 (    0)     0.00     0.00     0.00
  Cell_differentiation      14 (   12)       24 (   12)    85.71    50.00    63.16
       Remodeling            6 (    3)        4 (    3)    50.00    75.00    60.00
      Reproduction           0 (    0)        0 (    0)   100.00   100.00   100.00
   =[ANATOMY-TOTAL]=       462 (  367)      467 (  367)    79.44    78.59    79.01
        Mutation            45 (    9)       59 (    9)    20.00    15.25    17.31
     Carcinogenesis         50 (   33)       46 (   33)    66.00    71.74    68.75
  Cell_transformation       63 (   45)       56 (   45)    71.43    80.36    75.63
       Breakdown            26 (   17)       27 (   17)    65.38    62.96    64.15
       Metastasis           96 (   66)       86 (   66)    68.75    76.74    72.53
       Infection             9 (    6)       13 (    6)    66.67    46.15    54.55
    =[PATHOL-TOTAL]=       289 (  176)      287 (  176)    60.90    61.32    61.11
       Metabolism           15 (   10)       14 (   10)    66.67    71.43    68.97
       Synthesis             7 (    6)       10 (    6)    85.71    60.00    70.59
       Catabolism            7 (    4)       13 (    4)    57.14    30.77    40.00
       Glycolysis           11 (    6)       10 (    6)    54.55    60.00    57.14
 Amino_acid_catabolism       0 (    0)        1 (    0)     0.00     0.00     0.00
    Gene_expression        243 (  207)      279 (  207)    85.19    74.19    79.31
     Transcription          16 (   10)       18 (   10)    62.50    55.56    58.82
      Translation            0 (    0)        2 (    0)     0.00     0.00     0.00
   Protein_processing        4 (    2)        4 (    2)    50.00    50.00    50.00
      Acetylation            1 (    0)        1 (    0)     0.00     0.00     0.00
     Glycosylation           0 (    0)        0 (    0)   100.00   100.00   100.00
    Phosphorylation         37 (   27)       33 (   27)    72.97    81.82    77.14
     Ubiquitination          3 (    2)        3 (    2)    66.67    66.67    66.67
   Dephosphorylation         0 (    0)        4 (    0)     0.00     0.00     0.00
    DNA_methylation          3 (    1)        3 (    1)    33.33    33.33    33.33
   DNA_demethylation         0 (    0)        0 (    0)   100.00   100.00   100.00
        Pathway             48 (   19)       79 (   19)    39.58    24.05    29.92
   =[MOLECUL-TOTAL]=       395 (  294)      474 (  294)    74.43    62.03    67.66
        Binding             45 (   27)       97 (   27)    60.00    27.84    38.03
      Dissociation           2 (    0)        1 (    0)     0.00     0.00     0.00
      Localization         121 (   69)      140 (   69)    57.02    49.29    52.87
   =[GENERAL-TOTAL]=       168 (   96)      238 (   96)    57.14    40.34    47.29
       Regulation          192 (   71)      342 (   71)    36.98    20.76    26.59
  Positive_regulation      461 (  226)      735 (  226)    49.02    30.75    37.79
  Negative_regulation      328 (  177)      387 (  177)    53.96    45.74    49.51
     =[REG-TOTAL]=         981 (  474)     1464 (  474)    48.32    32.38    38.77
    Planned_process        214 (  111)      287 (  111)    51.87    38.68    44.31
    ====[TOTAL]====       2509 ( 1518)     3217 ( 1518)    60.50    47.19    53.02
------------------------------------------------------------------------------------
